0 info it worked if it ends with ok
1 verbose cli [ '/usr/local/Cellar/nvm/0.31.1/versions/node/v4.4.5/bin/node',
1 verbose cli   '/usr/local/opt/nvm/versions/node/v4.4.5/bin/npm',
1 verbose cli   'start' ]
2 info using npm@3.9.5
3 info using node@v4.4.5
4 verbose run-script [ 'prestart', 'start', 'poststart' ]
5 info lifecycle cognicity-rem-v3@0.0.1~prestart: cognicity-rem-v3@0.0.1
6 silly lifecycle cognicity-rem-v3@0.0.1~prestart: no script for prestart, continuing
7 info lifecycle cognicity-rem-v3@0.0.1~start: cognicity-rem-v3@0.0.1
8 verbose lifecycle cognicity-rem-v3@0.0.1~start: unsafe-perm in lifecycle true
9 verbose lifecycle cognicity-rem-v3@0.0.1~start: PATH: /usr/local/Cellar/nvm/0.31.1/versions/node/v4.4.5/lib/node_modules/npm/bin/node-gyp-bin:/Users/markvarley/git/cognicity-rem-v3/node_modules/.bin:/usr/local/Cellar/nvm/0.31.1/versions/node/v4.4.5/bin:/Library/Java/JavaVirtualMachines/jdk1.8.0_65.jdk/Contents/Home/bin:/usr/local/bin:/usr/local/opt/nvm/versions/node/v4.4.5/bin:/usr/bin:/bin:/usr/sbin:/sbin:/usr/local/bin:/usr/X11/bin:/Applications/Postgres.app/Contents/Versions/9.4/bin
10 verbose lifecycle cognicity-rem-v3@0.0.1~start: CWD: /Users/markvarley/git/cognicity-rem-v3
11 silly lifecycle cognicity-rem-v3@0.0.1~start: Args: [ '-c', 'au run --env dev --watch' ]
12 silly lifecycle cognicity-rem-v3@0.0.1~start: Returned: code: 1  signal: null
13 info lifecycle cognicity-rem-v3@0.0.1~start: Failed to exec start script
14 verbose stack Error: cognicity-rem-v3@0.0.1 start: `au run --env dev --watch`
14 verbose stack Exit status 1
14 verbose stack     at EventEmitter.<anonymous> (/usr/local/Cellar/nvm/0.31.1/versions/node/v4.4.5/lib/node_modules/npm/lib/utils/lifecycle.js:245:16)
14 verbose stack     at emitTwo (events.js:87:13)
14 verbose stack     at EventEmitter.emit (events.js:172:7)
14 verbose stack     at ChildProcess.<anonymous> (/usr/local/Cellar/nvm/0.31.1/versions/node/v4.4.5/lib/node_modules/npm/lib/utils/spawn.js:24:14)
14 verbose stack     at emitTwo (events.js:87:13)
14 verbose stack     at ChildProcess.emit (events.js:172:7)
14 verbose stack     at maybeClose (internal/child_process.js:827:16)
14 verbose stack     at Process.ChildProcess._handle.onexit (internal/child_process.js:211:5)
15 verbose pkgid cognicity-rem-v3@0.0.1
16 verbose cwd /Users/markvarley/git/cognicity-rem-v3
17 error Darwin 16.1.0
18 error argv "/usr/local/Cellar/nvm/0.31.1/versions/node/v4.4.5/bin/node" "/usr/local/opt/nvm/versions/node/v4.4.5/bin/npm" "start"
19 error node v4.4.5
20 error npm  v3.9.5
21 error code ELIFECYCLE
22 error cognicity-rem-v3@0.0.1 start: `au run --env dev --watch`
22 error Exit status 1
23 error Failed at the cognicity-rem-v3@0.0.1 start script 'au run --env dev --watch'.
23 error Make sure you have the latest version of node.js and npm installed.
23 error If you do, this is most likely a problem with the cognicity-rem-v3 package,
23 error not with npm itself.
23 error Tell the author that this fails on your system:
23 error     au run --env dev --watch
23 error You can get information on how to open an issue for this project with:
23 error     npm bugs cognicity-rem-v3
23 error Or if that isn't available, you can get their info via:
23 error     npm owner ls cognicity-rem-v3
23 error There is likely additional logging output above.
24 verbose exit [ 1, true ]
